Arguments: 
  /Users/brandondail/.nvm/versions/node/v9.5.0/bin/node /opt/facebook/fb-kpm/bin/yarn.js prettier

PATH: 
  /Users/brandondail/.nvm/versions/node/v9.5.0/bin:/Users/brandondail/Github/depot_tools:/Users/brandondail/Desktop/nand2tetris/tools:/Users/brandondail/.bin/node-scripts:/Users/brandondail/.cargo/bin:/opt/facebook/bin:/usr/local/bin:/usr/bin:/bin:/usr/sbin:/sbin:/opt/homebrew/bin:/opt/facebook/nuclide/latest/nuclide/pkg/fb-biggrep-cli/bin:/usr/local/munki:/opt/facebook/hg/bin

Yarn version: 
  1.5.1

Node version: 
  9.5.0

Platform: 
  darwin x64

npm manifest: 
  {
    "name": "react-europe-workshop",
    "version": "1.0.0",
    "main": "index.js",
    "repository": "https://github.com/aweary/react-europe-workshop.git",
    "author": "Brandon Dail <brandondail@fb.com>",
    "license": "MIT",
    "scripts": {
      prettier: "prettier --write \"exercises/**/*.js\""
    },
    "dependencies": {
      "prettier": "^1.12.1"
    }
  }

yarn manifest: 
  No manifest

Lockfile: 
  # THIS IS AN AUTOGENERATED FILE. DO NOT EDIT THIS FILE DIRECTLY.
  # yarn lockfile v1
  
  
  prettier@^1.12.1:
    version "1.12.1"
    resolved "https://registry.yarnpkg.com/prettier/-/prettier-1.12.1.tgz#c1ad20e803e7749faf905a409d2367e06bbe7325"

Trace: 
  SyntaxError: /Users/brandondail/Github/react-europe-workshop/package.json: Unexpected token p in JSON at position 240
      at JSON.parse (<anonymous>)
      at /opt/facebook/fb-kpm/lib/cli.js:1036:59
      at Generator.next (<anonymous>)
      at step (/opt/facebook/fb-kpm/lib/cli.js:98:30)
      at /opt/facebook/fb-kpm/lib/cli.js:109:13
      at <anonymous>
